<?xml version="1.0" encoding="UTF-8"?>
<!-- Generated by org.testng.reporters.JUnitReportReporter -->
<testsuite hostname="DESKTOP-KMCTGLT" failures="0" tests="1" name="Base_Class.Test_Runner" time="23.854" errors="0" timestamp="2023-03-04T18:46:25 IST" skipped="0">
  <testcase classname="Base_Class.Test_Runner" name="runScenario" time="23.854"/>
  <system-out/>
</testsuite> <!-- Base_Class.Test_Runner -->
